<?xml version="1.0" encoding="UTF-8"?>
<testng-results ignored="0" total="1" passed="1" failed="0" skipped="0">
  <reporter-output>
  </reporter-output>
  <suite started-at="2025-08-22T12:38:20 IST" name="Default suite" finished-at="2025-08-22T12:38:20 IST" duration-ms="52">
    <groups>
    </groups>
    <test started-at="2025-08-22T12:38:20 IST" name="Default test" finished-at="2025-08-22T12:38:20 IST" duration-ms="52">
      <class name="practise.ReadDataFromCmdLine">
        <test-method signature="readData()[pri:0, instance:practise.ReadDataFromCmdLine@6a6cb05c]" started-at="2025-08-22T12:38:20 IST" name="readData" finished-at="2025-08-22T12:38:20 IST" duration-ms="15" status="PASS">
          <reporter-output>
          </reporter-output>
        </test-method> <!-- readData -->
      </class> <!-- practise.ReadDataFromCmdLine -->
    </test> <!-- Default test -->
  </suite> <!-- Default suite -->
</testng-results>
